Requirement already satisfied: pyrsistent>=0.20.0 in /home/arthur/.pyenv/versions/3.11.9/lib/python3.11/site-packages (from -r requirements.txt (line 2)) (0.20.0)
Requirement already satisfied: pydantic>=2.11.4 in /home/arthur/.pyenv/versions/3.11.9/lib/python3.11/site-packages (from -r requirements.txt (line 3)) (2.11.4)
Requirement already satisfied: fastapi>=0.100.0 in /home/arthur/.pyenv/versions/3.11.9/lib/python3.11/site-packages (from -r requirements.txt (line 4)) (0.104.1)
Requirement already satisfied: uvicorn>=0.20.0 in /home/arthur/.pyenv/versions/3.11.9/lib/python3.11/site-packages (from -r requirements.txt (line 5)) (0.24.0)
Requirement already satisfied: pybreaker>=1.3.0 in /home/arthur/.pyenv/versions/3.11.9/lib/python3.11/site-packages (from -r requirements.txt (line 8)) (1.3.0)
Requirement already satisfied: redis>=4.5.0 in /home/arthur/.pyenv/versions/3.11.9/lib/python3.11/site-packages (from -r requirements.txt (line 9)) (5.0.1)
Requirement already satisfied: river>=0.21.0 in /home/arthur/.pyenv/versions/3.11.9/lib/python3.11/site-packages (from -r requirements.txt (line 12)) (0.21.0)
Collecting learn2learn>=0.1.7 (from -r requirements.txt (line 13))
  Using cached learn2learn-0.2.0.tar.gz (7.0 MB)
  Preparing metadata (setup.py): started
  Preparing metadata (setup.py): finished with status 'done'
Requirement already satisfied: scikit-learn>=1.3.0 in /home/arthur/.pyenv/versions/3.11.9/lib/python3.11/site-packages (from -r requirements.txt (line 14)) (1.7.0)
Requirement already satisfied: mlflow>=2.9.2 in /home/arthur/.pyenv/versions/3.11.9/lib/python3.11/site-packages (from -r requirements.txt (line 17)) (2.9.2)
Requirement already satisfied: sqlalchemy>=2.0.0 in /home/arthur/.pyenv/versions/3.11.9/lib/python3.11/site-packages (from -r requirements.txt (line 18)) (2.0.23)
Requirement already satisfied: alembic>=1.12.0 in /home/arthur/.pyenv/versions/3.11.9/lib/python3.11/site-packages (from -r requirements.txt (line 19)) (1.12.1)
Requirement already satisfied: opentelemetry-api>=1.20.0 in /home/arthur/.pyenv/versions/3.11.9/lib/python3.11/site-packages (from -r requirements.txt (line 22)) (1.35.0)
Requirement already satisfied: opentelemetry-sdk>=1.20.0 in /home/arthur/.pyenv/versions/3.11.9/lib/python3.11/site-packages (from -r requirements.txt (line 23)) (1.35.0)
Requirement already satisfied: opentelemetry-instrumentation-fastapi>=0.41b0 in /home/arthur/.pyenv/versions/3.11.9/lib/python3.11/site-packages (from -r requirements.txt (line 24)) (0.42b0)
Requirement already satisfied: opentelemetry-instrumentation-sqlalchemy>=0.41b0 in /home/arthur/.pyenv/versions/3.11.9/lib/python3.11/site-packages (from -r requirements.txt (line 25)) (0.42b0)
Requirement already satisfied: opentelemetry-exporter-jaeger>=1.20.0 in /home/arthur/.pyenv/versions/3.11.9/lib/python3.11/site-packages (from -r requirements.txt (line 26)) (1.21.0)
Requirement already satisfied: loguru>=0.7.0 in /home/arthur/.pyenv/versions/3.11.9/lib/python3.11/site-packages (from -r requirements.txt (line 27)) (0.7.2)
Requirement already satisfied: cryptography>=45.0.0 in /home/arthur/.pyenv/versions/3.11.9/lib/python3.11/site-packages (from -r requirements.txt (line 30)) (45.0.0)
Requirement already satisfied: cerberus>=1.3.4 in /home/arthur/.pyenv/versions/3.11.9/lib/python3.11/site-packages (from -r requirements.txt (line 31)) (1.3.5)
ERROR: Could not find a version that satisfies the requirement codejail>=3.3.0 (from versions: none)
ERROR: No matching distribution found for codejail>=3.3.0
